[26-Mar-2024 18:16:29 Asia/Pyongyang] PHP Warning:  Undefined array key "koPost.id" in /var/www/html/risingproject/board_koreaStock.php on line 152
[26-Mar-2024 18:16:29 Asia/Pyongyang] PHP Warning:  Undefined array key "koStock.name" in /var/www/html/risingproject/board_koreaStock.php on line 160
[26-Mar-2024 18:16:29 Asia/Pyongyang] PHP Warning:  Undefined array key "koPost.title" in /var/www/html/risingproject/board_koreaStock.php on line 169
[26-Mar-2024 18:16:29 Asia/Pyongyang] PHP Warning:  Undefined array key "koPost.user.name" in /var/www/html/risingproject/board_koreaStock.php on line 176
[26-Mar-2024 18:16:29 Asia/Pyongyang] PHP Warning:  Undefined array key "koPost.create_time" in /var/www/html/risingproject/board_koreaStock.php on line 181
[26-Mar-2024 18:16:29 Asia/Pyongyang] PHP Warning:  Undefined array key "koPost.riseSelect" in /var/www/html/risingproject/board_koreaStock.php on line 186
[26-Mar-2024 18:16:29 Asia/Pyongyang] PHP Warning:  Undefined array key "koPost.watchCnt" in /var/www/html/risingproject/board_koreaStock.php on line 191
[26-Mar-2024 18:16:29 Asia/Pyongyang] PHP Warning:  Undefined array key "koPost.likeCnt" in /var/www/html/risingproject/board_koreaStock.php on line 196
[26-Mar-2024 18:16:29 Asia/Pyongyang] PHP Warning:  Undefined array key "koPost.id" in /var/www/html/risingproject/board_koreaStock.php on line 152
[26-Mar-2024 18:16:29 Asia/Pyongyang] PHP Warning:  Undefined array key "koStock.name" in /var/www/html/risingproject/board_koreaStock.php on line 160
[26-Mar-2024 18:16:29 Asia/Pyongyang] PHP Warning:  Undefined array key "koPost.title" in /var/www/html/risingproject/board_koreaStock.php on line 169
[26-Mar-2024 18:16:29 Asia/Pyongyang] PHP Warning:  Undefined array key "koPost.user.name" in /var/www/html/risingproject/board_koreaStock.php on line 176
[26-Mar-2024 18:16:29 Asia/Pyongyang] PHP Warning:  Undefined array key "koPost.create_time" in /var/www/html/risingproject/board_koreaStock.php on line 181
[26-Mar-2024 18:16:29 Asia/Pyongyang] PHP Warning:  Undefined array key "koPost.riseSelect" in /var/www/html/risingproject/board_koreaStock.php on line 186
[26-Mar-2024 18:16:29 Asia/Pyongyang] PHP Warning:  Undefined array key "koPost.watchCnt" in /var/www/html/risingproject/board_koreaStock.php on line 191
[26-Mar-2024 18:16:29 Asia/Pyongyang] PHP Warning:  Undefined array key "koPost.likeCnt" in /var/www/html/risingproject/board_koreaStock.php on line 196
[26-Mar-2024 18:16:31 Asia/Pyongyang] PHP Warning:  Undefined array key "koPost.id" in /var/www/html/risingproject/board_koreaStock.php on line 152
[26-Mar-2024 18:16:31 Asia/Pyongyang] PHP Warning:  Undefined array key "koStock.name" in /var/www/html/risingproject/board_koreaStock.php on line 160
[26-Mar-2024 18:16:31 Asia/Pyongyang] PHP Warning:  Undefined array key "koPost.title" in /var/www/html/risingproject/board_koreaStock.php on line 169
[26-Mar-2024 18:16:31 Asia/Pyongyang] PHP Warning:  Undefined array key "koPost.user.name" in /var/www/html/risingproject/board_koreaStock.php on line 176
[26-Mar-2024 18:16:31 Asia/Pyongyang] PHP Warning:  Undefined array key "koPost.create_time" in /var/www/html/risingproject/board_koreaStock.php on line 181
[26-Mar-2024 18:16:31 Asia/Pyongyang] PHP Warning:  Undefined array key "koPost.riseSelect" in /var/www/html/risingproject/board_koreaStock.php on line 186
[26-Mar-2024 18:16:31 Asia/Pyongyang] PHP Warning:  Undefined array key "koPost.watchCnt" in /var/www/html/risingproject/board_koreaStock.php on line 191
[26-Mar-2024 18:16:31 Asia/Pyongyang] PHP Warning:  Undefined array key "koPost.likeCnt" in /var/www/html/risingproject/board_koreaStock.php on line 196
[26-Mar-2024 18:16:31 Asia/Pyongyang] PHP Warning:  Undefined array key "koPost.id" in /var/www/html/risingproject/board_koreaStock.php on line 152
[26-Mar-2024 18:16:31 Asia/Pyongyang] PHP Warning:  Undefined array key "koStock.name" in /var/www/html/risingproject/board_koreaStock.php on line 160
[26-Mar-2024 18:16:31 Asia/Pyongyang] PHP Warning:  Undefined array key "koPost.title" in /var/www/html/risingproject/board_koreaStock.php on line 169
[26-Mar-2024 18:16:31 Asia/Pyongyang] PHP Warning:  Undefined array key "koPost.user.name" in /var/www/html/risingproject/board_koreaStock.php on line 176
[26-Mar-2024 18:16:31 Asia/Pyongyang] PHP Warning:  Undefined array key "koPost.create_time" in /var/www/html/risingproject/board_koreaStock.php on line 181
[26-Mar-2024 18:16:31 Asia/Pyongyang] PHP Warning:  Undefined array key "koPost.riseSelect" in /var/www/html/risingproject/board_koreaStock.php on line 186
[26-Mar-2024 18:16:31 Asia/Pyongyang] PHP Warning:  Undefined array key "koPost.watchCnt" in /var/www/html/risingproject/board_koreaStock.php on line 191
[26-Mar-2024 18:16:31 Asia/Pyongyang] PHP Warning:  Undefined array key "koPost.likeCnt" in /var/www/html/risingproject/board_koreaStock.php on line 196
[26-Mar-2024 18:16:35 Asia/Pyongyang] PHP Warning:  Undefined array key "koPost.id" in /var/www/html/risingproject/board_koreaStock.php on line 152
[26-Mar-2024 18:16:35 Asia/Pyongyang] PHP Warning:  Undefined array key "koStock.name" in /var/www/html/risingproject/board_koreaStock.php on line 160
[26-Mar-2024 18:16:35 Asia/Pyongyang] PHP Warning:  Undefined array key "koPost.title" in /var/www/html/risingproject/board_koreaStock.php on line 169
[26-Mar-2024 18:16:35 Asia/Pyongyang] PHP Warning:  Undefined array key "koPost.user.name" in /var/www/html/risingproject/board_koreaStock.php on line 176
[26-Mar-2024 18:16:35 Asia/Pyongyang] PHP Warning:  Undefined array key "koPost.create_time" in /var/www/html/risingproject/board_koreaStock.php on line 181
[26-Mar-2024 18:16:35 Asia/Pyongyang] PHP Warning:  Undefined array key "koPost.riseSelect" in /var/www/html/risingproject/board_koreaStock.php on line 186
[26-Mar-2024 18:16:35 Asia/Pyongyang] PHP Warning:  Undefined array key "koPost.watchCnt" in /var/www/html/risingproject/board_koreaStock.php on line 191
[26-Mar-2024 18:16:35 Asia/Pyongyang] PHP Warning:  Undefined array key "koPost.likeCnt" in /var/www/html/risingproject/board_koreaStock.php on line 196
[26-Mar-2024 18:16:35 Asia/Pyongyang] PHP Warning:  Undefined array key "koPost.id" in /var/www/html/risingproject/board_koreaStock.php on line 152
[26-Mar-2024 18:16:35 Asia/Pyongyang] PHP Warning:  Undefined array key "koStock.name" in /var/www/html/risingproject/board_koreaStock.php on line 160
[26-Mar-2024 18:16:35 Asia/Pyongyang] PHP Warning:  Undefined array key "koPost.title" in /var/www/html/risingproject/board_koreaStock.php on line 169
[26-Mar-2024 18:16:35 Asia/Pyongyang] PHP Warning:  Undefined array key "koPost.user.name" in /var/www/html/risingproject/board_koreaStock.php on line 176
[26-Mar-2024 18:16:35 Asia/Pyongyang] PHP Warning:  Undefined array key "koPost.create_time" in /var/www/html/risingproject/board_koreaStock.php on line 181
[26-Mar-2024 18:16:35 Asia/Pyongyang] PHP Warning:  Undefined array key "koPost.riseSelect" in /var/www/html/risingproject/board_koreaStock.php on line 186
[26-Mar-2024 18:16:35 Asia/Pyongyang] PHP Warning:  Undefined array key "koPost.watchCnt" in /var/www/html/risingproject/board_koreaStock.php on line 191
[26-Mar-2024 18:16:35 Asia/Pyongyang] PHP Warning:  Undefined array key "koPost.likeCnt" in /var/www/html/risingproject/board_koreaStock.php on line 196
[26-Mar-2024 18:22:38 Asia/Pyongyang] PHP Warning:  Undefined array key "koPost.id" in /var/www/html/risingproject/board_koreaStock.php on line 152
[26-Mar-2024 18:22:38 Asia/Pyongyang] PHP Warning:  Undefined array key "koStock.name" in /var/www/html/risingproject/board_koreaStock.php on line 160
[26-Mar-2024 18:22:38 Asia/Pyongyang] PHP Warning:  Undefined array key "koPost.title" in /var/www/html/risingproject/board_koreaStock.php on line 169
[26-Mar-2024 18:22:38 Asia/Pyongyang] PHP Warning:  Undefined array key "koPost.user.name" in /var/www/html/risingproject/board_koreaStock.php on line 176
[26-Mar-2024 18:22:38 Asia/Pyongyang] PHP Warning:  Undefined array key "koPost.create_time" in /var/www/html/risingproject/board_koreaStock.php on line 181
[26-Mar-2024 18:22:38 Asia/Pyongyang] PHP Warning:  Undefined array key "koPost.riseSelect" in /var/www/html/risingproject/board_koreaStock.php on line 186
[26-Mar-2024 18:22:38 Asia/Pyongyang] PHP Warning:  Undefined array key "koPost.watchCnt" in /var/www/html/risingproject/board_koreaStock.php on line 191
[26-Mar-2024 18:22:38 Asia/Pyongyang] PHP Warning:  Undefined array key "koPost.likeCnt" in /var/www/html/risingproject/board_koreaStock.php on line 196
[26-Mar-2024 18:22:38 Asia/Pyongyang] PHP Warning:  Undefined array key "koPost.id" in /var/www/html/risingproject/board_koreaStock.php on line 152
[26-Mar-2024 18:22:38 Asia/Pyongyang] PHP Warning:  Undefined array key "koStock.name" in /var/www/html/risingproject/board_koreaStock.php on line 160
[26-Mar-2024 18:22:38 Asia/Pyongyang] PHP Warning:  Undefined array key "koPost.title" in /var/www/html/risingproject/board_koreaStock.php on line 169
[26-Mar-2024 18:22:38 Asia/Pyongyang] PHP Warning:  Undefined array key "koPost.user.name" in /var/www/html/risingproject/board_koreaStock.php on line 176
[26-Mar-2024 18:22:38 Asia/Pyongyang] PHP Warning:  Undefined array key "koPost.create_time" in /var/www/html/risingproject/board_koreaStock.php on line 181
[26-Mar-2024 18:22:38 Asia/Pyongyang] PHP Warning:  Undefined array key "koPost.riseSelect" in /var/www/html/risingproject/board_koreaStock.php on line 186
[26-Mar-2024 18:22:38 Asia/Pyongyang] PHP Warning:  Undefined array key "koPost.watchCnt" in /var/www/html/risingproject/board_koreaStock.php on line 191
[26-Mar-2024 18:22:38 Asia/Pyongyang] PHP Warning:  Undefined array key "koPost.likeCnt" in /var/www/html/risingproject/board_koreaStock.php on line 196
[26-Mar-2024 18:22:49 Asia/Pyongyang] PHP Warning:  Undefined array key "koPost.id" in /var/www/html/risingproject/board_koreaStock.php on line 152
[26-Mar-2024 18:22:49 Asia/Pyongyang] PHP Warning:  Undefined array key "koStock.name" in /var/www/html/risingproject/board_koreaStock.php on line 160
[26-Mar-2024 18:22:49 Asia/Pyongyang] PHP Warning:  Undefined array key "koPost.title" in /var/www/html/risingproject/board_koreaStock.php on line 169
[26-Mar-2024 18:22:49 Asia/Pyongyang] PHP Warning:  Undefined array key "koPost.user.name" in /var/www/html/risingproject/board_koreaStock.php on line 176
[26-Mar-2024 18:22:49 Asia/Pyongyang] PHP Warning:  Undefined array key "koPost.create_time" in /var/www/html/risingproject/board_koreaStock.php on line 181
[26-Mar-2024 18:22:49 Asia/Pyongyang] PHP Warning:  Undefined array key "koPost.riseSelect" in /var/www/html/risingproject/board_koreaStock.php on line 186
[26-Mar-2024 18:22:49 Asia/Pyongyang] PHP Warning:  Undefined array key "koPost.watchCnt" in /var/www/html/risingproject/board_koreaStock.php on line 191
[26-Mar-2024 18:22:49 Asia/Pyongyang] PHP Warning:  Undefined array key "koPost.likeCnt" in /var/www/html/risingproject/board_koreaStock.php on line 196
[26-Mar-2024 18:22:49 Asia/Pyongyang] PHP Warning:  Undefined array key "koPost.id" in /var/www/html/risingproject/board_koreaStock.php on line 152
[26-Mar-2024 18:22:49 Asia/Pyongyang] PHP Warning:  Undefined array key "koStock.name" in /var/www/html/risingproject/board_koreaStock.php on line 160
[26-Mar-2024 18:22:49 Asia/Pyongyang] PHP Warning:  Undefined array key "koPost.title" in /var/www/html/risingproject/board_koreaStock.php on line 169
[26-Mar-2024 18:22:49 Asia/Pyongyang] PHP Warning:  Undefined array key "koPost.user.name" in /var/www/html/risingproject/board_koreaStock.php on line 176
[26-Mar-2024 18:22:49 Asia/Pyongyang] PHP Warning:  Undefined array key "koPost.create_time" in /var/www/html/risingproject/board_koreaStock.php on line 181
[26-Mar-2024 18:22:49 Asia/Pyongyang] PHP Warning:  Undefined array key "koPost.riseSelect" in /var/www/html/risingproject/board_koreaStock.php on line 186
[26-Mar-2024 18:22:49 Asia/Pyongyang] PHP Warning:  Undefined array key "koPost.watchCnt" in /var/www/html/risingproject/board_koreaStock.php on line 191
[26-Mar-2024 18:22:49 Asia/Pyongyang] PHP Warning:  Undefined array key "koPost.likeCnt" in /var/www/html/risingproject/board_koreaStock.php on line 196
[26-Mar-2024 18:30:22 Asia/Pyongyang] PHP Warning:  Undefined array key "koPost.id" in /var/www/html/risingproject/board_koreaStock.php on line 152
[26-Mar-2024 18:30:22 Asia/Pyongyang] PHP Warning:  Undefined array key "koStock.name" in /var/www/html/risingproject/board_koreaStock.php on line 160
[26-Mar-2024 18:30:22 Asia/Pyongyang] PHP Warning:  Undefined array key "koPost.title" in /var/www/html/risingproject/board_koreaStock.php on line 169
[26-Mar-2024 18:30:22 Asia/Pyongyang] PHP Warning:  Undefined array key "koPost.user.name" in /var/www/html/risingproject/board_koreaStock.php on line 176
[26-Mar-2024 18:30:22 Asia/Pyongyang] PHP Warning:  Undefined array key "koPost.create_time" in /var/www/html/risingproject/board_koreaStock.php on line 181
[26-Mar-2024 18:30:22 Asia/Pyongyang] PHP Warning:  Undefined array key "koPost.riseSelect" in /var/www/html/risingproject/board_koreaStock.php on line 186
[26-Mar-2024 18:30:22 Asia/Pyongyang] PHP Warning:  Undefined array key "koPost.watchCnt" in /var/www/html/risingproject/board_koreaStock.php on line 191
[26-Mar-2024 18:30:22 Asia/Pyongyang] PHP Warning:  Undefined array key "koPost.likeCnt" in /var/www/html/risingproject/board_koreaStock.php on line 196
[26-Mar-2024 18:30:22 Asia/Pyongyang] PHP Warning:  Undefined array key "koPost.id" in /var/www/html/risingproject/board_koreaStock.php on line 152
[26-Mar-2024 18:30:22 Asia/Pyongyang] PHP Warning:  Undefined array key "koStock.name" in /var/www/html/risingproject/board_koreaStock.php on line 160
[26-Mar-2024 18:30:22 Asia/Pyongyang] PHP Warning:  Undefined array key "koPost.title" in /var/www/html/risingproject/board_koreaStock.php on line 169
[26-Mar-2024 18:30:22 Asia/Pyongyang] PHP Warning:  Undefined array key "koPost.user.name" in /var/www/html/risingproject/board_koreaStock.php on line 176
[26-Mar-2024 18:30:22 Asia/Pyongyang] PHP Warning:  Undefined array key "koPost.create_time" in /var/www/html/risingproject/board_koreaStock.php on line 181
[26-Mar-2024 18:30:22 Asia/Pyongyang] PHP Warning:  Undefined array key "koPost.riseSelect" in /var/www/html/risingproject/board_koreaStock.php on line 186
[26-Mar-2024 18:30:22 Asia/Pyongyang] PHP Warning:  Undefined array key "koPost.watchCnt" in /var/www/html/risingproject/board_koreaStock.php on line 191
[26-Mar-2024 18:30:22 Asia/Pyongyang] PHP Warning:  Undefined array key "koPost.likeCnt" in /var/www/html/risingproject/board_koreaStock.php on line 196
[26-Mar-2024 18:30:23 Asia/Pyongyang] PHP Warning:  Undefined array key "koPost.id" in /var/www/html/risingproject/board_koreaStock.php on line 152
[26-Mar-2024 18:30:23 Asia/Pyongyang] PHP Warning:  Undefined array key "koStock.name" in /var/www/html/risingproject/board_koreaStock.php on line 160
[26-Mar-2024 18:30:23 Asia/Pyongyang] PHP Warning:  Undefined array key "koPost.title" in /var/www/html/risingproject/board_koreaStock.php on line 169
[26-Mar-2024 18:30:23 Asia/Pyongyang] PHP Warning:  Undefined array key "koPost.user.name" in /var/www/html/risingproject/board_koreaStock.php on line 176
[26-Mar-2024 18:30:23 Asia/Pyongyang] PHP Warning:  Undefined array key "koPost.create_time" in /var/www/html/risingproject/board_koreaStock.php on line 181
[26-Mar-2024 18:30:23 Asia/Pyongyang] PHP Warning:  Undefined array key "koPost.riseSelect" in /var/www/html/risingproject/board_koreaStock.php on line 186
[26-Mar-2024 18:30:23 Asia/Pyongyang] PHP Warning:  Undefined array key "koPost.watchCnt" in /var/www/html/risingproject/board_koreaStock.php on line 191
[26-Mar-2024 18:30:23 Asia/Pyongyang] PHP Warning:  Undefined array key "koPost.likeCnt" in /var/www/html/risingproject/board_koreaStock.php on line 196
[26-Mar-2024 18:30:23 Asia/Pyongyang] PHP Warning:  Undefined array key "koPost.id" in /var/www/html/risingproject/board_koreaStock.php on line 152
[26-Mar-2024 18:30:23 Asia/Pyongyang] PHP Warning:  Undefined array key "koStock.name" in /var/www/html/risingproject/board_koreaStock.php on line 160
[26-Mar-2024 18:30:23 Asia/Pyongyang] PHP Warning:  Undefined array key "koPost.title" in /var/www/html/risingproject/board_koreaStock.php on line 169
[26-Mar-2024 18:30:23 Asia/Pyongyang] PHP Warning:  Undefined array key "koPost.user.name" in /var/www/html/risingproject/board_koreaStock.php on line 176
[26-Mar-2024 18:30:23 Asia/Pyongyang] PHP Warning:  Undefined array key "koPost.create_time" in /var/www/html/risingproject/board_koreaStock.php on line 181
[26-Mar-2024 18:30:23 Asia/Pyongyang] PHP Warning:  Undefined array key "koPost.riseSelect" in /var/www/html/risingproject/board_koreaStock.php on line 186
[26-Mar-2024 18:30:23 Asia/Pyongyang] PHP Warning:  Undefined array key "koPost.watchCnt" in /var/www/html/risingproject/board_koreaStock.php on line 191
[26-Mar-2024 18:30:23 Asia/Pyongyang] PHP Warning:  Undefined array key "koPost.likeCnt" in /var/www/html/risingproject/board_koreaStock.php on line 196
[26-Mar-2024 18:30:34 Asia/Pyongyang] PHP Warning:  Undefined array key "koPost.id" in /var/www/html/risingproject/board_koreaStock.php on line 152
[26-Mar-2024 18:30:34 Asia/Pyongyang] PHP Warning:  Undefined array key "koStock.name" in /var/www/html/risingproject/board_koreaStock.php on line 160
[26-Mar-2024 18:30:34 Asia/Pyongyang] PHP Warning:  Undefined array key "koPost.title" in /var/www/html/risingproject/board_koreaStock.php on line 169
[26-Mar-2024 18:30:34 Asia/Pyongyang] PHP Warning:  Undefined array key "koPost.user.name" in /var/www/html/risingproject/board_koreaStock.php on line 176
[26-Mar-2024 18:30:34 Asia/Pyongyang] PHP Warning:  Undefined array key "koPost.create_time" in /var/www/html/risingproject/board_koreaStock.php on line 181
[26-Mar-2024 18:30:34 Asia/Pyongyang] PHP Warning:  Undefined array key "koPost.riseSelect" in /var/www/html/risingproject/board_koreaStock.php on line 186
[26-Mar-2024 18:30:34 Asia/Pyongyang] PHP Warning:  Undefined array key "koPost.watchCnt" in /var/www/html/risingproject/board_koreaStock.php on line 191
[26-Mar-2024 18:30:34 Asia/Pyongyang] PHP Warning:  Undefined array key "koPost.likeCnt" in /var/www/html/risingproject/board_koreaStock.php on line 196
[26-Mar-2024 18:30:34 Asia/Pyongyang] PHP Warning:  Undefined array key "koPost.id" in /var/www/html/risingproject/board_koreaStock.php on line 152
[26-Mar-2024 18:30:34 Asia/Pyongyang] PHP Warning:  Undefined array key "koStock.name" in /var/www/html/risingproject/board_koreaStock.php on line 160
[26-Mar-2024 18:30:34 Asia/Pyongyang] PHP Warning:  Undefined array key "koPost.title" in /var/www/html/risingproject/board_koreaStock.php on line 169
[26-Mar-2024 18:30:34 Asia/Pyongyang] PHP Warning:  Undefined array key "koPost.user.name" in /var/www/html/risingproject/board_koreaStock.php on line 176
[26-Mar-2024 18:30:34 Asia/Pyongyang] PHP Warning:  Undefined array key "koPost.create_time" in /var/www/html/risingproject/board_koreaStock.php on line 181
[26-Mar-2024 18:30:34 Asia/Pyongyang] PHP Warning:  Undefined array key "koPost.riseSelect" in /var/www/html/risingproject/board_koreaStock.php on line 186
[26-Mar-2024 18:30:34 Asia/Pyongyang] PHP Warning:  Undefined array key "koPost.watchCnt" in /var/www/html/risingproject/board_koreaStock.php on line 191
[26-Mar-2024 18:30:34 Asia/Pyongyang] PHP Warning:  Undefined array key "koPost.likeCnt" in /var/www/html/risingproject/board_koreaStock.php on line 196
[26-Mar-2024 18:33:02 Asia/Pyongyang] PHP Warning:  Undefined array key "koPost.id" in /var/www/html/risingproject/board_koreaStock.php on line 152
[26-Mar-2024 18:33:02 Asia/Pyongyang] PHP Warning:  Undefined array key "koStock.name" in /var/www/html/risingproject/board_koreaStock.php on line 160
[26-Mar-2024 18:33:02 Asia/Pyongyang] PHP Warning:  Undefined array key "koPost.title" in /var/www/html/risingproject/board_koreaStock.php on line 169
[26-Mar-2024 18:33:02 Asia/Pyongyang] PHP Warning:  Undefined array key "koPost.user.name" in /var/www/html/risingproject/board_koreaStock.php on line 176
[26-Mar-2024 18:33:02 Asia/Pyongyang] PHP Warning:  Undefined array key "koPost.create_time" in /var/www/html/risingproject/board_koreaStock.php on line 181
[26-Mar-2024 18:33:02 Asia/Pyongyang] PHP Warning:  Undefined array key "koPost.riseSelect" in /var/www/html/risingproject/board_koreaStock.php on line 186
[26-Mar-2024 18:33:02 Asia/Pyongyang] PHP Warning:  Undefined array key "koPost.watchCnt" in /var/www/html/risingproject/board_koreaStock.php on line 191
[26-Mar-2024 18:33:02 Asia/Pyongyang] PHP Warning:  Undefined array key "koPost.likeCnt" in /var/www/html/risingproject/board_koreaStock.php on line 196
[26-Mar-2024 18:33:02 Asia/Pyongyang] PHP Warning:  Undefined array key "koPost.id" in /var/www/html/risingproject/board_koreaStock.php on line 152
[26-Mar-2024 18:33:02 Asia/Pyongyang] PHP Warning:  Undefined array key "koStock.name" in /var/www/html/risingproject/board_koreaStock.php on line 160
[26-Mar-2024 18:33:02 Asia/Pyongyang] PHP Warning:  Undefined array key "koPost.title" in /var/www/html/risingproject/board_koreaStock.php on line 169
[26-Mar-2024 18:33:02 Asia/Pyongyang] PHP Warning:  Undefined array key "koPost.user.name" in /var/www/html/risingproject/board_koreaStock.php on line 176
[26-Mar-2024 18:33:02 Asia/Pyongyang] PHP Warning:  Undefined array key "koPost.create_time" in /var/www/html/risingproject/board_koreaStock.php on line 181
[26-Mar-2024 18:33:02 Asia/Pyongyang] PHP Warning:  Undefined array key "koPost.riseSelect" in /var/www/html/risingproject/board_koreaStock.php on line 186
[26-Mar-2024 18:33:02 Asia/Pyongyang] PHP Warning:  Undefined array key "koPost.watchCnt" in /var/www/html/risingproject/board_koreaStock.php on line 191
[26-Mar-2024 18:33:02 Asia/Pyongyang] PHP Warning:  Undefined array key "koPost.likeCnt" in /var/www/html/risingproject/board_koreaStock.php on line 196
[26-Mar-2024 18:33:02 Asia/Pyongyang] PHP Warning:  Undefined array key "koPost.id" in /var/www/html/risingproject/board_koreaStock.php on line 152
[26-Mar-2024 18:33:02 Asia/Pyongyang] PHP Warning:  Undefined array key "koStock.name" in /var/www/html/risingproject/board_koreaStock.php on line 160
[26-Mar-2024 18:33:02 Asia/Pyongyang] PHP Warning:  Undefined array key "koPost.title" in /var/www/html/risingproject/board_koreaStock.php on line 169
[26-Mar-2024 18:33:02 Asia/Pyongyang] PHP Warning:  Undefined array key "koPost.user.name" in /var/www/html/risingproject/board_koreaStock.php on line 176
[26-Mar-2024 18:33:02 Asia/Pyongyang] PHP Warning:  Undefined array key "koPost.create_time" in /var/www/html/risingproject/board_koreaStock.php on line 181
[26-Mar-2024 18:33:02 Asia/Pyongyang] PHP Warning:  Undefined array key "koPost.riseSelect" in /var/www/html/risingproject/board_koreaStock.php on line 186
[26-Mar-2024 18:33:02 Asia/Pyongyang] PHP Warning:  Undefined array key "koPost.watchCnt" in /var/www/html/risingproject/board_koreaStock.php on line 191
[26-Mar-2024 18:33:02 Asia/Pyongyang] PHP Warning:  Undefined array key "koPost.likeCnt" in /var/www/html/risingproject/board_koreaStock.php on line 196
[26-Mar-2024 18:33:02 Asia/Pyongyang] PHP Warning:  Undefined array key "koPost.id" in /var/www/html/risingproject/board_koreaStock.php on line 152
[26-Mar-2024 18:33:02 Asia/Pyongyang] PHP Warning:  Undefined array key "koStock.name" in /var/www/html/risingproject/board_koreaStock.php on line 160
[26-Mar-2024 18:33:02 Asia/Pyongyang] PHP Warning:  Undefined array key "koPost.title" in /var/www/html/risingproject/board_koreaStock.php on line 169
[26-Mar-2024 18:33:02 Asia/Pyongyang] PHP Warning:  Undefined array key "koPost.user.name" in /var/www/html/risingproject/board_koreaStock.php on line 176
[26-Mar-2024 18:33:02 Asia/Pyongyang] PHP Warning:  Undefined array key "koPost.create_time" in /var/www/html/risingproject/board_koreaStock.php on line 181
[26-Mar-2024 18:33:02 Asia/Pyongyang] PHP Warning:  Undefined array key "koPost.riseSelect" in /var/www/html/risingproject/board_koreaStock.php on line 186
[26-Mar-2024 18:33:02 Asia/Pyongyang] PHP Warning:  Undefined array key "koPost.watchCnt" in /var/www/html/risingproject/board_koreaStock.php on line 191
[26-Mar-2024 18:33:02 Asia/Pyongyang] PHP Warning:  Undefined array key "koPost.likeCnt" in /var/www/html/risingproject/board_koreaStock.php on line 196
[26-Mar-2024 18:33:03 Asia/Pyongyang] PHP Warning:  Undefined array key "koPost.id" in /var/www/html/risingproject/board_koreaStock.php on line 152
[26-Mar-2024 18:33:03 Asia/Pyongyang] PHP Warning:  Undefined array key "koStock.name" in /var/www/html/risingproject/board_koreaStock.php on line 160
[26-Mar-2024 18:33:03 Asia/Pyongyang] PHP Warning:  Undefined array key "koPost.title" in /var/www/html/risingproject/board_koreaStock.php on line 169
[26-Mar-2024 18:33:03 Asia/Pyongyang] PHP Warning:  Undefined array key "koPost.user.name" in /var/www/html/risingproject/board_koreaStock.php on line 176
[26-Mar-2024 18:33:03 Asia/Pyongyang] PHP Warning:  Undefined array key "koPost.create_time" in /var/www/html/risingproject/board_koreaStock.php on line 181
[26-Mar-2024 18:33:03 Asia/Pyongyang] PHP Warning:  Undefined array key "koPost.riseSelect" in /var/www/html/risingproject/board_koreaStock.php on line 186
[26-Mar-2024 18:33:03 Asia/Pyongyang] PHP Warning:  Undefined array key "koPost.watchCnt" in /var/www/html/risingproject/board_koreaStock.php on line 191
[26-Mar-2024 18:33:03 Asia/Pyongyang] PHP Warning:  Undefined array key "koPost.likeCnt" in /var/www/html/risingproject/board_koreaStock.php on line 196
[26-Mar-2024 18:33:03 Asia/Pyongyang] PHP Warning:  Undefined array key "koPost.id" in /var/www/html/risingproject/board_koreaStock.php on line 152
[26-Mar-2024 18:33:03 Asia/Pyongyang] PHP Warning:  Undefined array key "koStock.name" in /var/www/html/risingproject/board_koreaStock.php on line 160
[26-Mar-2024 18:33:03 Asia/Pyongyang] PHP Warning:  Undefined array key "koPost.title" in /var/www/html/risingproject/board_koreaStock.php on line 169
[26-Mar-2024 18:33:03 Asia/Pyongyang] PHP Warning:  Undefined array key "koPost.user.name" in /var/www/html/risingproject/board_koreaStock.php on line 176
[26-Mar-2024 18:33:03 Asia/Pyongyang] PHP Warning:  Undefined array key "koPost.create_time" in /var/www/html/risingproject/board_koreaStock.php on line 181
[26-Mar-2024 18:33:03 Asia/Pyongyang] PHP Warning:  Undefined array key "koPost.riseSelect" in /var/www/html/risingproject/board_koreaStock.php on line 186
[26-Mar-2024 18:33:03 Asia/Pyongyang] PHP Warning:  Undefined array key "koPost.watchCnt" in /var/www/html/risingproject/board_koreaStock.php on line 191
[26-Mar-2024 18:33:03 Asia/Pyongyang] PHP Warning:  Undefined array key "koPost.likeCnt" in /var/www/html/risingproject/board_koreaStock.php on line 196
[26-Mar-2024 18:37:00 Asia/Pyongyang] PHP Warning:  Undefined array key "koPost.id" in /var/www/html/risingproject/board_koreaStock.php on line 152
[26-Mar-2024 18:37:00 Asia/Pyongyang] PHP Warning:  Undefined array key "koStock.name" in /var/www/html/risingproject/board_koreaStock.php on line 160
[26-Mar-2024 18:37:00 Asia/Pyongyang] PHP Warning:  Undefined array key "koPost.title" in /var/www/html/risingproject/board_koreaStock.php on line 169
[26-Mar-2024 18:37:00 Asia/Pyongyang] PHP Warning:  Undefined array key "koPost.user.name" in /var/www/html/risingproject/board_koreaStock.php on line 176
[26-Mar-2024 18:37:00 Asia/Pyongyang] PHP Warning:  Undefined array key "koPost.create_time" in /var/www/html/risingproject/board_koreaStock.php on line 181
[26-Mar-2024 18:37:00 Asia/Pyongyang] PHP Warning:  Undefined array key "koPost.riseSelect" in /var/www/html/risingproject/board_koreaStock.php on line 186
[26-Mar-2024 18:37:00 Asia/Pyongyang] PHP Warning:  Undefined array key "koPost.watchCnt" in /var/www/html/risingproject/board_koreaStock.php on line 191
[26-Mar-2024 18:37:00 Asia/Pyongyang] PHP Warning:  Undefined array key "koPost.likeCnt" in /var/www/html/risingproject/board_koreaStock.php on line 196
[26-Mar-2024 18:37:00 Asia/Pyongyang] PHP Warning:  Undefined array key "koPost.id" in /var/www/html/risingproject/board_koreaStock.php on line 152
[26-Mar-2024 18:37:00 Asia/Pyongyang] PHP Warning:  Undefined array key "koStock.name" in /var/www/html/risingproject/board_koreaStock.php on line 160
[26-Mar-2024 18:37:00 Asia/Pyongyang] PHP Warning:  Undefined array key "koPost.title" in /var/www/html/risingproject/board_koreaStock.php on line 169
[26-Mar-2024 18:37:00 Asia/Pyongyang] PHP Warning:  Undefined array key "koPost.user.name" in /var/www/html/risingproject/board_koreaStock.php on line 176
[26-Mar-2024 18:37:00 Asia/Pyongyang] PHP Warning:  Undefined array key "koPost.create_time" in /var/www/html/risingproject/board_koreaStock.php on line 181
[26-Mar-2024 18:37:00 Asia/Pyongyang] PHP Warning:  Undefined array key "koPost.riseSelect" in /var/www/html/risingproject/board_koreaStock.php on line 186
[26-Mar-2024 18:37:00 Asia/Pyongyang] PHP Warning:  Undefined array key "koPost.watchCnt" in /var/www/html/risingproject/board_koreaStock.php on line 191
[26-Mar-2024 18:37:00 Asia/Pyongyang] PHP Warning:  Undefined array key "koPost.likeCnt" in /var/www/html/risingproject/board_koreaStock.php on line 196
[26-Mar-2024 18:37:00 Asia/Pyongyang] PHP Warning:  Undefined array key "koPost.id" in /var/www/html/risingproject/board_koreaStock.php on line 152
[26-Mar-2024 18:37:00 Asia/Pyongyang] PHP Warning:  Undefined array key "koStock.name" in /var/www/html/risingproject/board_koreaStock.php on line 160
[26-Mar-2024 18:37:00 Asia/Pyongyang] PHP Warning:  Undefined array key "koPost.title" in /var/www/html/risingproject/board_koreaStock.php on line 169
[26-Mar-2024 18:37:00 Asia/Pyongyang] PHP Warning:  Undefined array key "koPost.user.name" in /var/www/html/risingproject/board_koreaStock.php on line 176
[26-Mar-2024 18:37:00 Asia/Pyongyang] PHP Warning:  Undefined array key "koPost.create_time" in /var/www/html/risingproject/board_koreaStock.php on line 181
[26-Mar-2024 18:37:00 Asia/Pyongyang] PHP Warning:  Undefined array key "koPost.riseSelect" in /var/www/html/risingproject/board_koreaStock.php on line 186
[26-Mar-2024 18:37:00 Asia/Pyongyang] PHP Warning:  Undefined array key "koPost.watchCnt" in /var/www/html/risingproject/board_koreaStock.php on line 191
[26-Mar-2024 18:37:00 Asia/Pyongyang] PHP Warning:  Undefined array key "koPost.likeCnt" in /var/www/html/risingproject/board_koreaStock.php on line 196
[26-Mar-2024 18:37:00 Asia/Pyongyang] PHP Warning:  Undefined array key "koPost.id" in /var/www/html/risingproject/board_koreaStock.php on line 152
[26-Mar-2024 18:37:00 Asia/Pyongyang] PHP Warning:  Undefined array key "koStock.name" in /var/www/html/risingproject/board_koreaStock.php on line 160
[26-Mar-2024 18:37:00 Asia/Pyongyang] PHP Warning:  Undefined array key "koPost.title" in /var/www/html/risingproject/board_koreaStock.php on line 169
[26-Mar-2024 18:37:00 Asia/Pyongyang] PHP Warning:  Undefined array key "koPost.user.name" in /var/www/html/risingproject/board_koreaStock.php on line 176
[26-Mar-2024 18:37:00 Asia/Pyongyang] PHP Warning:  Undefined array key "koPost.create_time" in /var/www/html/risingproject/board_koreaStock.php on line 181
[26-Mar-2024 18:37:00 Asia/Pyongyang] PHP Warning:  Undefined array key "koPost.riseSelect" in /var/www/html/risingproject/board_koreaStock.php on line 186
[26-Mar-2024 18:37:00 Asia/Pyongyang] PHP Warning:  Undefined array key "koPost.watchCnt" in /var/www/html/risingproject/board_koreaStock.php on line 191
[26-Mar-2024 18:37:00 Asia/Pyongyang] PHP Warning:  Undefined array key "koPost.likeCnt" in /var/www/html/risingproject/board_koreaStock.php on line 196
[26-Mar-2024 18:38:12 Asia/Pyongyang] PHP Warning:  Undefined array key "koPost.id" in /var/www/html/risingproject/board_koreaStock.php on line 152
[26-Mar-2024 18:38:12 Asia/Pyongyang] PHP Warning:  Undefined array key "koStock.name" in /var/www/html/risingproject/board_koreaStock.php on line 160
[26-Mar-2024 18:38:12 Asia/Pyongyang] PHP Warning:  Undefined array key "koPost.title" in /var/www/html/risingproject/board_koreaStock.php on line 169
[26-Mar-2024 18:38:12 Asia/Pyongyang] PHP Warning:  Undefined array key "koPost.user.name" in /var/www/html/risingproject/board_koreaStock.php on line 176
[26-Mar-2024 18:38:12 Asia/Pyongyang] PHP Warning:  Undefined array key "koPost.create_time" in /var/www/html/risingproject/board_koreaStock.php on line 181
[26-Mar-2024 18:38:12 Asia/Pyongyang] PHP Warning:  Undefined array key "koPost.riseSelect" in /var/www/html/risingproject/board_koreaStock.php on line 186
[26-Mar-2024 18:38:12 Asia/Pyongyang] PHP Warning:  Undefined array key "koPost.watchCnt" in /var/www/html/risingproject/board_koreaStock.php on line 191
[26-Mar-2024 18:38:12 Asia/Pyongyang] PHP Warning:  Undefined array key "koPost.likeCnt" in /var/www/html/risingproject/board_koreaStock.php on line 196
[26-Mar-2024 18:38:12 Asia/Pyongyang] PHP Warning:  Undefined array key "koPost.id" in /var/www/html/risingproject/board_koreaStock.php on line 152
[26-Mar-2024 18:38:12 Asia/Pyongyang] PHP Warning:  Undefined array key "koStock.name" in /var/www/html/risingproject/board_koreaStock.php on line 160
[26-Mar-2024 18:38:12 Asia/Pyongyang] PHP Warning:  Undefined array key "koPost.title" in /var/www/html/risingproject/board_koreaStock.php on line 169
[26-Mar-2024 18:38:12 Asia/Pyongyang] PHP Warning:  Undefined array key "koPost.user.name" in /var/www/html/risingproject/board_koreaStock.php on line 176
[26-Mar-2024 18:38:12 Asia/Pyongyang] PHP Warning:  Undefined array key "koPost.create_time" in /var/www/html/risingproject/board_koreaStock.php on line 181
[26-Mar-2024 18:38:12 Asia/Pyongyang] PHP Warning:  Undefined array key "koPost.riseSelect" in /var/www/html/risingproject/board_koreaStock.php on line 186
[26-Mar-2024 18:38:12 Asia/Pyongyang] PHP Warning:  Undefined array key "koPost.watchCnt" in /var/www/html/risingproject/board_koreaStock.php on line 191
[26-Mar-2024 18:38:12 Asia/Pyongyang] PHP Warning:  Undefined array key "koPost.likeCnt" in /var/www/html/risingproject/board_koreaStock.php on line 196
